#
# A fatal error has been detected by the Java Runtime Environment:
#
#  EXCEPTION_ACCESS_VIOLATION (0xc0000005) at pc=0x00007ff9453cabc2, pid=4992, tid=22860
#
# JRE version: Java(TM) SE Runtime Environment (15.0.1+9) (build 15.0.1+9-18)
# Java VM: Java HotSpot(TM) 64-Bit Server VM (15.0.1+9-18, mixed mode, sharing, tiered, compressed oops, g1 gc, windows-amd64)
# Problematic frame:
# C  [d3d9.dll+0xcabc2]
#
# No core dump will be written. Minidumps are not enabled by default on client versions of Windows
#
# If you would like to submit a bug report, please visit:
#   https://bugreport.java.com/bugreport/crash.jsp
# The crash happened outside the Java Virtual Machine in native code.
# See problematic frame for where to report the bug.
#

---------------  S U M M A R Y ------------

Command Line: -XX:+ShowCodeDetailsInExceptionMessages Main

Host: AMD Ryzen 5 3500U with Radeon Vega Mobile Gfx  , 8 cores, 5G,  Windows 10 , 64 bit Build 22000 (10.0.22000.675)
Time: Wed Jun 15 18:56:03 2022 Eastern Daylight Time elapsed time: 310.641354 seconds (0d 0h 5m 10s)

---------------  T H R E A D  ---------------

Current thread (0x000001cb1f318b40):  JavaThread "AWT-Windows" daemon [_thread_in_native, id=22860, stack(0x00000090d8600000,0x00000090d8700000)]

Stack: [0x00000090d8600000,0x00000090d8700000],  sp=0x00000090d86feb90,  free space=1018k
Native frames: (J=compiled Java code, j=interpreted, Vv=VM code, C=native code)
C  [d3d9.dll+0xcabc2]

Java frames: (J=compiled Java code, j=interpreted, Vv=VM code)
j  sun.awt.windows.WToolkit.eventLoop()V+0 java.desktop@15.0.1
j  sun.awt.windows.WToolkit.run()V+50 java.desktop@15.0.1
j  java.lang.Thread.run()V+11 java.base@15.0.1
v  ~StubRoutines::call_stub

siginfo: EXCEPTION_ACCESS_VIOLATION (0xc0000005), reading address 0x0000000000000008


Register to memory mapping:

RIP=0x00007ff9453cabc2 d3d9.dll
RAX=0x0 is NULL
RBX=0x000001cb200394a0 points into unknown readable memory: 0x0000000000000000 | 00 00 00 00 00 00 00 00
RCX=0x0 is NULL
RDX=0x0 is NULL
RSP=0x00000090d86feb90 is pointing into the stack for thread: 0x000001cb1f318b40
RBP=0x0000000000000001 is an unknown value
RSI=0x0000000000000001 is an unknown value
RDI=0x000001cb200394a0 points into unknown readable memory: 0x0000000000000000 | 00 00 00 00 00 00 00 00
R8 =0x000001cb1f1e6040 points into unknown readable memory: 0x0000000000000000 | 00 00 00 00 00 00 00 00
R9 =0x0000000000000001 is an unknown value
R10=0x000001cb1e669f08 points into unknown readable memory: 0x0000040000000000 | 00 00 00 00 00 04 00 00
R11=0x00000090d86feb70 is pointing into the stack for thread: 0x000001cb1f318b40
R12=0x0 is NULL
R13={method} {0x000001cb1e75d2f0} 'eventLoop' '()V' in 'sun/awt/windows/WToolkit'
R14=0x00000090d86fefa8 is pointing into the stack for thread: 0x000001cb1f318b40
R15=0x000001cb1f318b40 is a thread


Registers:
RAX=0x0000000000000000, RBX=0x000001cb200394a0, RCX=0x0000000000000000, RDX=0x0000000000000000
RSP=0x00000090d86feb90, RBP=0x0000000000000001, RSI=0x0000000000000001, RDI=0x000001cb200394a0
R8 =0x000001cb1f1e6040, R9 =0x0000000000000001, R10=0x000001cb1e669f08, R11=0x00000090d86feb70
R12=0x0000000000000000, R13=0x000001cb1e75d2e8, R14=0x00000090d86fefa8, R15=0x000001cb1f318b40
RIP=0x00007ff9453cabc2, EFLAGS=0x0000000000010256

Top of Stack: (sp=0x00000090d86feb90)
0x00000090d86feb90:   000001cb26b6d040 00007ff9832679e1
0x00000090d86feba0:   000001cb26b6d030 000001cb7eb70000
0x00000090d86febb0:   0000000000000000 00007ff9453ca61a
0x00000090d86febc0:   000001cb200394a0 00007ff94530a510
0x00000090d86febd0:   0000000000000000 00007ff980c7060f
0x00000090d86febe0:   000001cb1fb360c8 00007ff945357a51
0x00000090d86febf0:   000001cb276a9a40 000001cb1f124b90
0x00000090d86fec00:   000001cb247afdc8 00007ff94530db36
0x00000090d86fec10:   000001cb1fb360c0 00007ff94530a460
0x00000090d86fec20:   0000000000000000 000001cb1fb360c0
0x00000090d86fec30:   0000000000000001 000001cb1fb2b190
0x00000090d86fec40:   000001cb1fb360c8 00007ff9453267a4
0x00000090d86fec50:   00007ff947f4c7e0 0000000000000001
0x00000090d86fec60:   0000000000000000 00000090d86fefa8
0x00000090d86fec70:   000001cb1f3696f8 00007ff94530559f
0x00000090d86fec80:   0000000000000000 00007ff947e43507 

Instructions: (pc=0x00007ff9453cabc2)
0x00007ff9453caac2:   8b 53 08 41 ff c8 49 c1 e0 03 48 83 c2 08 e8 9d
0x00007ff9453caad2:   f2 f7 ff 48 8b 4b 08 48 85 c9 74 12 48 2b 49 f8
0x00007ff9453caae2:   74 0c 48 ff 15 5d 94 07 00 0f 1f 44 00 00 44 8b
0x00007ff9453caaf2:   03 48 89 73 08 48 63 47 08 8b 57 14 48 f7 d8 48
0x00007ff9453cab02:   c1 e0 3f 48 d1 ea 48 03 d0 8b 07 48 c1 e0 1f 48
0x00007ff9453cab12:   03 d0 eb 48 4c 8b 5b 08 41 8b c0 48 d1 e8 45 8b
0x00007ff9453cab22:   c8 4d 8b 14 c3 49 63 42 08 41 8b 4a 14 48 f7 d8
0x00007ff9453cab32:   48 c1 e0 3f 48 d1 e9 48 03 c8 41 8b 02 48 c1 e0
0x00007ff9453cab42:   1f 48 03 c8 48 3b d1 73 19 4f 89 14 cb 48 8b 43
0x00007ff9453cab52:   08 4a 8b 0c c8 44 89 41 0c 41 d1 e8 41 83 f8 01
0x00007ff9453cab62:   77 b2 48 8b 4b 08 b8 01 00 00 00 41 8b d0 48 89
0x00007ff9453cab72:   3c d1 48 8b 4b 08 48 8b 14 d1 44 89 42 0c ff 03
0x00007ff9453cab82:   48 8b 5c 24 38 48 8b 74 24 40 48 83 c4 20 5f c3
0x00007ff9453cab92:   cc cc cc cc cc cc cc cc cc cc 48 89 5c 24 08 57
0x00007ff9453caba2:   48 83 ec 20 4c 8b 41 08 48 8b fa 44 8b 4a 0c 4c
0x00007ff9453cabb2:   8b d1 ff 09 8b 01 8b 4f 14 48 d1 e9 49 8b 14 c0
0x00007ff9453cabc2:   48 63 42 08 44 8b 5a 14 48 f7 d8 48 c1 e0 3f 49
0x00007ff9453cabd2:   d1 eb 4c 03 d8 8b 02 48 c1 e0 1f 4c 03 d8 48 63
0x00007ff9453cabe2:   47 08 48 f7 d8 48 c1 e0 3f 48 03 c8 8b 07 48 c1
0x00007ff9453cabf2:   e0 1f 48 03 c8 4c 3b d9 72 6e 4b 89 14 c8 41 8b
0x00007ff9453cac02:   d1 49 8b 42 08 4a 8b 0c c8 44 89 49 0c 49 8b ca
0x00007ff9453cac12:   e8 c5 01 00 00 83 67 0c 00 48 8b 5c 24 30 48 83
0x00007ff9453cac22:   c4 20 5f c3 cc 49 8b 5a 08 41 8b c1 48 d1 e8 48
0x00007ff9453cac32:   8b 14 c3 48 63 42 08 8b 4a 14 48 f7 d8 48 c1 e0
0x00007ff9453cac42:   3f 48 d1 e9 48 03 c8 8b 02 48 c1 e0 1f 48 03 c8
0x00007ff9453cac52:   4c 3b d9 73 19 4a 89 14 cb 49 8b 42 08 4a 8b 0c
0x00007ff9453cac62:   c8 44 89 49 0c 41 d1 e9 41 83 f9 01 77 b7 41 8b
0x00007ff9453cac72:   02 49 8b 52 08 48 8b 0c c2 4a 89 0c ca 49 8b 42
0x00007ff9453cac82:   08 4a 8b 0c c8 44 89 49 0c eb 8a cc cc cc cc cc
0x00007ff9453cac92:   cc cc 48 89 5c 24 08 48 89 74 24 10 57 48 83 ec
0x00007ff9453caca2:   20 44 8b 19 33 ff 4c 8b d1 45 8d 43 ff 43 8d 04
0x00007ff9453cacb2:   00 45 8b c8 41 8b d8 41 3b c3 72 47 48 8b 71 08 


Stack slot to memory mapping:
stack at sp + 0 slots: 0x000001cb26b6d040 is an unknown value
stack at sp + 1 slots: 0x00007ff9832679e1 ntdll.dll
stack at sp + 2 slots: 0x000001cb26b6d030 is an unknown value
stack at sp + 3 slots: 0x000001cb7eb70000 points into unknown readable memory: 0x0000000000000000 | 00 00 00 00 00 00 00 00
stack at sp + 4 slots: 0x0 is NULL
stack at sp + 5 slots: 0x00007ff9453ca61a d3d9.dll
stack at sp + 6 slots: 0x000001cb200394a0 points into unknown readable memory: 0x0000000000000000 | 00 00 00 00 00 00 00 00
stack at sp + 7 slots: 0x00007ff94530a510 d3d9.dll


---------------  P R O C E S S  ---------------

Threads class SMR info:
_java_thread_list=0x000001cb27b21ad0, length=17, elements={
0x000001cb1e5de6f0, 0x000001cb1e5df2c0, 0x000001cb1e5f9ee0, 0x000001cb1e5fe7c0,
0x000001cb1e5ff080, 0x000001cb1e601e20, 0x000001cb1e606ce0, 0x000001cb1e60f5f0,
0x000001cb1f038d90, 0x000001cb1f046bf0, 0x000001cb1f2ff850, 0x000001cb1f302300,
0x000001cb1f318b40, 0x000001cb1fc36be0, 0x000001cb1fc96b40, 0x000001cb1fc94e60,
0x000001cb1fc95800
}

Java Threads: ( => current thread )
  0x000001cb1e5de6f0 JavaThread "Reference Handler" daemon [_thread_blocked, id=12632, stack(0x00000090d7900000,0x00000090d7a00000)]
  0x000001cb1e5df2c0 JavaThread "Finalizer" daemon [_thread_blocked, id=23344, stack(0x00000090d7a00000,0x00000090d7b00000)]
  0x000001cb1e5f9ee0 JavaThread "Signal Dispatcher" daemon [_thread_blocked, id=9048, stack(0x00000090d7b00000,0x00000090d7c00000)]
  0x000001cb1e5fe7c0 JavaThread "Attach Listener" daemon [_thread_blocked, id=17196, stack(0x00000090d7c00000,0x00000090d7d00000)]
  0x000001cb1e5ff080 JavaThread "Service Thread" daemon [_thread_blocked, id=12972, stack(0x00000090d7d00000,0x00000090d7e00000)]
  0x000001cb1e601e20 JavaThread "C2 CompilerThread0" daemon [_thread_blocked, id=20164, stack(0x00000090d7e00000,0x00000090d7f00000)]
  0x000001cb1e606ce0 JavaThread "C1 CompilerThread0" daemon [_thread_blocked, id=2008, stack(0x00000090d7f00000,0x00000090d8000000)]
  0x000001cb1e60f5f0 JavaThread "Sweeper thread" daemon [_thread_blocked, id=15956, stack(0x00000090d8000000,0x00000090d8100000)]
  0x000001cb1f038d90 JavaThread "Notification Thread" daemon [_thread_blocked, id=16872, stack(0x00000090d8100000,0x00000090d8200000)]
  0x000001cb1f046bf0 JavaThread "Common-Cleaner" daemon [_thread_blocked, id=9044, stack(0x00000090d8300000,0x00000090d8400000)]
  0x000001cb1f2ff850 JavaThread "Java2D Disposer" daemon [_thread_blocked, id=18936, stack(0x00000090d8400000,0x00000090d8500000)]
  0x000001cb1f302300 JavaThread "AWT-Shutdown" [_thread_blocked, id=19752, stack(0x00000090d8500000,0x00000090d8600000)]
=>0x000001cb1f318b40 JavaThread "AWT-Windows" daemon [_thread_in_native, id=22860, stack(0x00000090d8600000,0x00000090d8700000)]
  0x000001cb1fc36be0 JavaThread "AWT-EventQueue-0" [_thread_in_native, id=18880, stack(0x00000090d9400000,0x00000090d9500000)]
  0x000001cb1fc96b40 JavaThread "Animation Thread" [_thread_blocked, id=14688, stack(0x00000090d9700000,0x00000090d9800000)]
  0x000001cb1fc94e60 JavaThread "DestroyJavaVM" [_thread_blocked, id=19980, stack(0x00000090d7200000,0x00000090d7300000)]
  0x000001cb1fc95800 JavaThread "ToolkitShutdown" daemon [_thread_in_native, id=21096, stack(0x00000090d7000000,0x00000090d7100000)]

Other Threads:
  0x000001cb1e5dbb50 VMThread "VM Thread" [stack: 0x00000090d7800000,0x00000090d7900000] [id=6472]
  0x000001cb1f0460c0 WatcherThread [stack: 0x00000090d8200000,0x00000090d8300000] [id=19936]
  0x000001cb7f94c800 GCTaskThread "GC Thread#0" [stack: 0x00000090d7300000,0x00000090d7400000] [id=1036]
  0x000001cb1f2ab790 GCTaskThread "GC Thread#1" [stack: 0x00000090d9900000,0x00000090d9a00000] [id=6244]
  0x000001cb1f2abac0 GCTaskThread "GC Thread#2" [stack: 0x00000090d9a00000,0x00000090d9b00000] [id=22540]
  0x000001cb1f2ac120 GCTaskThread "GC Thread#3" [stack: 0x00000090d9b00000,0x00000090d9c00000] [id=22912]
  0x000001cb1f2a8e20 GCTaskThread "GC Thread#4" [stack: 0x00000090d9c00000,0x00000090d9d00000] [id=3532]
  0x000001cb1f2a8af0 GCTaskThread "GC Thread#5" [stack: 0x00000090d9d00000,0x00000090d9e00000] [id=12764]
  0x000001cb1f2a9150 GCTaskThread "GC Thread#6" [stack: 0x00000090d9e00000,0x00000090d9f00000] [id=8872]
  0x000001cb1f2aaad0 GCTaskThread "GC Thread#7" [stack: 0x00000090d9f00000,0x00000090da000000] [id=3760]
  0x000001cb7f959910 ConcurrentGCThread "G1 Main Marker" [stack: 0x00000090d7400000,0x00000090d7500000] [id=20552]
  0x000001cb7f95ad20 ConcurrentGCThread "G1 Conc#0" [stack: 0x00000090d7500000,0x00000090d7600000] [id=20924]
  0x000001cb1f2a9480 ConcurrentGCThread "G1 Conc#1" [stack: 0x00000090da000000,0x00000090da100000] [id=17208]
  0x000001cb7f9cf5c0 ConcurrentGCThread "G1 Refine#0" [stack: 0x00000090d7600000,0x00000090d7700000] [id=24452]
  0x000001cb7f9d1250 ConcurrentGCThread "G1 Young RemSet Sampling" [stack: 0x00000090d7700000,0x00000090d7800000] [id=18264]

Threads with active compile tasks:

VM state: not at safepoint (normal execution)

VM Mutex/Monitor currently owned by a thread: None

Heap address: 0x00000000a0e00000, size: 1522 MB, Compressed Oops mode: 32-bit
CDS archive(s) mapped at: [0x0000000800000000-0x0000000800b50000-0x0000000800b50000), size 11862016, SharedBaseAddress: 0x0000000800000000, ArchiveRelocationMode: 0.
Compressed class space mapped at: 0x0000000800b50000-0x0000000840b50000, size: 1073741824
Narrow klass base: 0x0000000800000000, Narrow klass shift: 3, Narrow klass range: 0x100000000

GC Precious Log:
 CPUs: 8 total, 8 available
 Memory: 6082M
 Large Page Support: Disabled
 NUMA Support: Disabled
 Compressed Oops: Enabled (32-bit)
 Heap Region Size: 1M
 Heap Min Capacity: 8M
 Heap Initial Capacity: 96M
 Heap Max Capacity: 1522M
 Pre-touch: Disabled
 Parallel Workers: 8
 Concurrent Workers: 2
 Concurrent Refinement Workers: 8
 Periodic GC: Disabled

Heap:
 garbage-first heap   total 98304K, used 61521K [0x00000000a0e00000, 0x0000000100000000)
  region size 1024K, 24 young (24576K), 4 survivors (4096K)
 Metaspace       used 9486K, capacity 9672K, committed 9984K, reserved 1058816K
  class space    used 902K, capacity 962K, committed 1024K, reserved 1048576K

Heap Regions: E=young(eden), S=young(survivor), O=old, HS=humongous(starts), HC=humongous(continues), CS=collection set, F=free, OA=open archive, CA=closed archive, TAMS=top-at-mark-start (previous, next)
|   0|0x00000000a0e00000, 0x00000000a0f00000, 0x00000000a0f00000|100%|HS|  |TAMS 0x00000000a0f00000, 0x00000000a0e00000| Complete 
|   1|0x00000000a0f00000, 0x00000000a1000000, 0x00000000a1000000|100%|HC|  |TAMS 0x00000000a1000000, 0x00000000a0f00000| Complete 
|   2|0x00000000a1000000, 0x00000000a1100000, 0x00000000a1100000|100%|HC|  |TAMS 0x00000000a1100000, 0x00000000a1000000| Complete 
|   3|0x00000000a1100000, 0x00000000a1200000, 0x00000000a1200000|100%|HS|  |TAMS 0x00000000a1100000, 0x00000000a1100000| Complete 
|   4|0x00000000a1200000, 0x00000000a1300000, 0x00000000a1300000|100%|HC|  |TAMS 0x00000000a1200000, 0x00000000a1200000| Complete 
|   5|0x00000000a1300000, 0x00000000a1400000, 0x00000000a1400000|100%|HC|  |TAMS 0x00000000a1300000, 0x00000000a1300000| Complete 
|   6|0x00000000a1400000, 0x00000000a1500000, 0x00000000a1500000|100%|HS|  |TAMS 0x00000000a1400000, 0x00000000a1400000| Complete 
|   7|0x00000000a1500000, 0x00000000a1600000, 0x00000000a1600000|100%|HC|  |TAMS 0x00000000a1500000, 0x00000000a1500000| Complete 
|   8|0x00000000a1600000, 0x00000000a1700000, 0x00000000a1700000|100%|HC|  |TAMS 0x00000000a1600000, 0x00000000a1600000| Complete 
|   9|0x00000000a1700000, 0x00000000a1800000, 0x00000000a1800000|100%|HS|  |TAMS 0x00000000a1800000, 0x00000000a1700000| Complete 
|  10|0x00000000a1800000, 0x00000000a1900000, 0x00000000a1900000|100%|HC|  |TAMS 0x00000000a1900000, 0x00000000a1800000| Complete 
|  11|0x00000000a1900000, 0x00000000a1a00000, 0x00000000a1a00000|100%|HC|  |TAMS 0x00000000a1a00000, 0x00000000a1900000| Complete 
|  12|0x00000000a1a00000, 0x00000000a1b00000, 0x00000000a1b00000|100%|HS|  |TAMS 0x00000000a1a00000, 0x00000000a1a00000| Complete 
|  13|0x00000000a1b00000, 0x00000000a1c00000, 0x00000000a1c00000|100%|HC|  |TAMS 0x00000000a1b00000, 0x00000000a1b00000| Complete 
|  14|0x00000000a1c00000, 0x00000000a1d00000, 0x00000000a1d00000|100%|HC|  |TAMS 0x00000000a1c00000, 0x00000000a1c00000| Complete 
|  15|0x00000000a1d00000, 0x00000000a1d00000, 0x00000000a1e00000|  0%| F|  |TAMS 0x00000000a1d00000, 0x00000000a1d00000| Untracked 
|  16|0x00000000a1e00000, 0x00000000a1e00000, 0x00000000a1f00000|  0%| F|  |TAMS 0x00000000a1e00000, 0x00000000a1e00000| Untracked 
|  17|0x00000000a1f00000, 0x00000000a2000000, 0x00000000a2000000|100%|HS|  |TAMS 0x00000000a2000000, 0x00000000a1f00000| Complete 
|  18|0x00000000a2000000, 0x00000000a2100000, 0x00000000a2100000|100%|HC|  |TAMS 0x00000000a2100000, 0x00000000a2000000| Complete 
|  19|0x00000000a2100000, 0x00000000a2200000, 0x00000000a2200000|100%|HC|  |TAMS 0x00000000a2200000, 0x00000000a2100000| Complete 
|  20|0x00000000a2200000, 0x00000000a2200000, 0x00000000a2300000|  0%| F|  |TAMS 0x00000000a2200000, 0x00000000a2200000| Untracked 
|  21|0x00000000a2300000, 0x00000000a2400000, 0x00000000a2400000|100%|HS|  |TAMS 0x00000000a2400000, 0x00000000a2300000| Complete 
|  22|0x00000000a2400000, 0x00000000a2500000, 0x00000000a2500000|100%|HC|  |TAMS 0x00000000a2500000, 0x00000000a2400000| Complete 
|  23|0x00000000a2500000, 0x00000000a2600000, 0x00000000a2600000|100%|HC|  |TAMS 0x00000000a2600000, 0x00000000a2500000| Complete 
|  24|0x00000000a2600000, 0x00000000a2700000, 0x00000000a2700000|100%|HS|  |TAMS 0x00000000a2700000, 0x00000000a2600000| Complete 
|  25|0x00000000a2700000, 0x00000000a2800000, 0x00000000a2800000|100%|HC|  |TAMS 0x00000000a2800000, 0x00000000a2700000| Complete 
|  26|0x00000000a2800000, 0x00000000a2900000, 0x00000000a2900000|100%|HC|  |TAMS 0x00000000a2900000, 0x00000000a2800000| Complete 
|  27|0x00000000a2900000, 0x00000000a2a00000, 0x00000000a2a00000|100%|HC|  |TAMS 0x00000000a2a00000, 0x00000000a2900000| Complete 
|  28|0x00000000a2a00000, 0x00000000a2b00000, 0x00000000a2b00000|100%|HC|  |TAMS 0x00000000a2b00000, 0x00000000a2a00000| Complete 
|  29|0x00000000a2b00000, 0x00000000a2c00000, 0x00000000a2c00000|100%|HC|  |TAMS 0x00000000a2c00000, 0x00000000a2b00000| Complete 
|  30|0x00000000a2c00000, 0x00000000a2d00000, 0x00000000a2d00000|100%|HC|  |TAMS 0x00000000a2d00000, 0x00000000a2c00000| Complete 
|  31|0x00000000a2d00000, 0x00000000a2e00000, 0x00000000a2e00000|100%|HC|  |TAMS 0x00000000a2e00000, 0x00000000a2d00000| Complete 
|  32|0x00000000a2e00000, 0x00000000a2f00000, 0x00000000a2f00000|100%|HS|  |TAMS 0x00000000a2e00000, 0x00000000a2e00000| Complete 
|  33|0x00000000a2f00000, 0x00000000a3000000, 0x00000000a3000000|100%|HC|  |TAMS 0x00000000a2f00000, 0x00000000a2f00000| Complete 
|  34|0x00000000a3000000, 0x00000000a3100000, 0x00000000a3100000|100%|HC|  |TAMS 0x00000000a3000000, 0x00000000a3000000| Complete 
|  35|0x00000000a3100000, 0x00000000a3200000, 0x00000000a3200000|100%|HS|  |TAMS 0x00000000a3100000, 0x00000000a3100000| Complete 
|  36|0x00000000a3200000, 0x00000000a3300000, 0x00000000a3300000|100%|HC|  |TAMS 0x00000000a3200000, 0x00000000a3200000| Complete 
|  37|0x00000000a3300000, 0x00000000a3400000, 0x00000000a3400000|100%|HC|  |TAMS 0x00000000a3300000, 0x00000000a3300000| Complete 
|  38|0x00000000a3400000, 0x00000000a3400000, 0x00000000a3500000|  0%| F|  |TAMS 0x00000000a3400000, 0x00000000a3400000| Untracked 
|  39|0x00000000a3500000, 0x00000000a3500000, 0x00000000a3600000|  0%| F|  |TAMS 0x00000000a3500000, 0x00000000a3500000| Untracked 
|  40|0x00000000a3600000, 0x00000000a3700000, 0x00000000a3700000|100%|HS|  |TAMS 0x00000000a3700000, 0x00000000a3600000| Complete 
|  41|0x00000000a3700000, 0x00000000a3800000, 0x00000000a3800000|100%| O|  |TAMS 0x00000000a3700000, 0x00000000a3700000| Untracked 
|  42|0x00000000a3800000, 0x00000000a38d9000, 0x00000000a3900000| 84%| O|  |TAMS 0x00000000a3800000, 0x00000000a3800000| Untracked 
|  43|0x00000000a3900000, 0x00000000a3900000, 0x00000000a3a00000|  0%| F|  |TAMS 0x00000000a3900000, 0x00000000a3900000| Untracked 
|  44|0x00000000a3a00000, 0x00000000a3a00000, 0x00000000a3b00000|  0%| F|  |TAMS 0x00000000a3a00000, 0x00000000a3a00000| Untracked 
|  45|0x00000000a3b00000, 0x00000000a3b00000, 0x00000000a3c00000|  0%| F|  |TAMS 0x00000000a3b00000, 0x00000000a3b00000| Untracked 
|  46|0x00000000a3c00000, 0x00000000a3c00000, 0x00000000a3d00000|  0%| F|  |TAMS 0x00000000a3c00000, 0x00000000a3c00000| Untracked 
|  47|0x00000000a3d00000, 0x00000000a3d00000, 0x00000000a3e00000|  0%| F|  |TAMS 0x00000000a3d00000, 0x00000000a3d00000| Untracked 
|  48|0x00000000a3e00000, 0x00000000a3e00000, 0x00000000a3f00000|  0%| F|  |TAMS 0x00000000a3e00000, 0x00000000a3e00000| Untracked 
|  49|0x00000000a3f00000, 0x00000000a3f00000, 0x00000000a4000000|  0%| F|  |TAMS 0x00000000a3f00000, 0x00000000a3f00000| Untracked 
|  50|0x00000000a4000000, 0x00000000a4000000, 0x00000000a4100000|  0%| F|  |TAMS 0x00000000a4000000, 0x00000000a4000000| Untracked 
|  51|0x00000000a4100000, 0x00000000a4100000, 0x00000000a4200000|  0%| F|  |TAMS 0x00000000a4100000, 0x00000000a4100000| Untracked 
|  52|0x00000000a4200000, 0x00000000a4200000, 0x00000000a4300000|  0%| F|  |TAMS 0x00000000a4200000, 0x00000000a4200000| Untracked 
|  53|0x00000000a4300000, 0x00000000a4300000, 0x00000000a4400000|  0%| F|  |TAMS 0x00000000a4300000, 0x00000000a4300000| Untracked 
|  54|0x00000000a4400000, 0x00000000a4400000, 0x00000000a4500000|  0%| F|  |TAMS 0x00000000a4400000, 0x00000000a4400000| Untracked 
|  55|0x00000000a4500000, 0x00000000a4500000, 0x00000000a4600000|  0%| F|  |TAMS 0x00000000a4500000, 0x00000000a4500000| Untracked 
|  56|0x00000000a4600000, 0x00000000a4600000, 0x00000000a4700000|  0%| F|  |TAMS 0x00000000a4600000, 0x00000000a4600000| Untracked 
|  57|0x00000000a4700000, 0x00000000a4700000, 0x00000000a4800000|  0%| F|  |TAMS 0x00000000a4700000, 0x00000000a4700000| Untracked 
|  58|0x00000000a4800000, 0x00000000a4800000, 0x00000000a4900000|  0%| F|  |TAMS 0x00000000a4800000, 0x00000000a4800000| Untracked 
|  59|0x00000000a4900000, 0x00000000a4900000, 0x00000000a4a00000|  0%| F|  |TAMS 0x00000000a4900000, 0x00000000a4900000| Untracked 
|  60|0x00000000a4a00000, 0x00000000a4a00000, 0x00000000a4b00000|  0%| F|  |TAMS 0x00000000a4a00000, 0x00000000a4a00000| Untracked 
|  61|0x00000000a4b00000, 0x00000000a4b00000, 0x00000000a4c00000|  0%| F|  |TAMS 0x00000000a4b00000, 0x00000000a4b00000| Untracked 
|  62|0x00000000a4c00000, 0x00000000a4c00000, 0x00000000a4d00000|  0%| F|  |TAMS 0x00000000a4c00000, 0x00000000a4c00000| Untracked 
|  63|0x00000000a4d00000, 0x00000000a4d00000, 0x00000000a4e00000|  0%| F|  |TAMS 0x00000000a4d00000, 0x00000000a4d00000| Untracked 
|  64|0x00000000a4e00000, 0x00000000a4e00000, 0x00000000a4f00000|  0%| F|  |TAMS 0x00000000a4e00000, 0x00000000a4e00000| Untracked 
|  65|0x00000000a4f00000, 0x00000000a4f00000, 0x00000000a5000000|  0%| F|  |TAMS 0x00000000a4f00000, 0x00000000a4f00000| Untracked 
|  66|0x00000000a5000000, 0x00000000a5000000, 0x00000000a5100000|  0%| F|  |TAMS 0x00000000a5000000, 0x00000000a5000000| Untracked 
|  67|0x00000000a5100000, 0x00000000a5100000, 0x00000000a5200000|  0%| F|  |TAMS 0x00000000a5100000, 0x00000000a5100000| Untracked 
|  68|0x00000000a5200000, 0x00000000a5200000, 0x00000000a5300000|  0%| F|  |TAMS 0x00000000a5200000, 0x00000000a5200000| Untracked 
|  69|0x00000000a5300000, 0x00000000a5300000, 0x00000000a5400000|  0%| F|  |TAMS 0x00000000a5300000, 0x00000000a5300000| Untracked 
|  70|0x00000000a5400000, 0x00000000a5400000, 0x00000000a5500000|  0%| F|  |TAMS 0x00000000a5400000, 0x00000000a5400000| Untracked 
|  71|0x00000000a5500000, 0x00000000a5500000, 0x00000000a5600000|  0%| F|  |TAMS 0x00000000a5500000, 0x00000000a5500000| Untracked 
|  72|0x00000000a5600000, 0x00000000a56a1460, 0x00000000a5700000| 62%| E|  |TAMS 0x00000000a5600000, 0x00000000a5600000| Complete 
|  73|0x00000000a5700000, 0x00000000a5800000, 0x00000000a5800000|100%| E|CS|TAMS 0x00000000a5700000, 0x00000000a5700000| Complete 
|  74|0x00000000a5800000, 0x00000000a5900000, 0x00000000a5900000|100%| E|CS|TAMS 0x00000000a5800000, 0x00000000a5800000| Complete 
|  75|0x00000000a5900000, 0x00000000a5a00000, 0x00000000a5a00000|100%| E|CS|TAMS 0x00000000a5900000, 0x00000000a5900000| Complete 
|  76|0x00000000a5a00000, 0x00000000a5b00000, 0x00000000a5b00000|100%| E|CS|TAMS 0x00000000a5a00000, 0x00000000a5a00000| Complete 
|  77|0x00000000a5b00000, 0x00000000a5c00000, 0x00000000a5c00000|100%| E|CS|TAMS 0x00000000a5b00000, 0x00000000a5b00000| Complete 
|  78|0x00000000a5c00000, 0x00000000a5d00000, 0x00000000a5d00000|100%| E|CS|TAMS 0x00000000a5c00000, 0x00000000a5c00000| Complete 
|  79|0x00000000a5d00000, 0x00000000a5e00000, 0x00000000a5e00000|100%| E|CS|TAMS 0x00000000a5d00000, 0x00000000a5d00000| Complete 
|  80|0x00000000a5e00000, 0x00000000a5e3b7a0, 0x00000000a5f00000| 23%| S|CS|TAMS 0x00000000a5e00000, 0x00000000a5e00000| Complete 
|  81|0x00000000a5f00000, 0x00000000a6000000, 0x00000000a6000000|100%| S|CS|TAMS 0x00000000a5f00000, 0x00000000a5f00000| Complete 
|  82|0x00000000a6000000, 0x00000000a6100000, 0x00000000a6100000|100%| S|CS|TAMS 0x00000000a6000000, 0x00000000a6000000| Complete 
|  83|0x00000000a6100000, 0x00000000a6200000, 0x00000000a6200000|100%| S|CS|TAMS 0x00000000a6100000, 0x00000000a6100000| Complete 
|  84|0x00000000a6200000, 0x00000000a6300000, 0x00000000a6300000|100%| E|CS|TAMS 0x00000000a6200000, 0x00000000a6200000| Complete 
|  85|0x00000000a6300000, 0x00000000a6400000, 0x00000000a6400000|100%| E|CS|TAMS 0x00000000a6300000, 0x00000000a6300000| Complete 
|  86|0x00000000a6400000, 0x00000000a6500000, 0x00000000a6500000|100%| E|CS|TAMS 0x00000000a6400000, 0x00000000a6400000| Complete 
|  87|0x00000000a6500000, 0x00000000a6600000, 0x00000000a6600000|100%| E|CS|TAMS 0x00000000a6500000, 0x00000000a6500000| Complete 
|  88|0x00000000a6600000, 0x00000000a6700000, 0x00000000a6700000|100%| E|CS|TAMS 0x00000000a6600000, 0x00000000a6600000| Complete 
|  89|0x00000000a6700000, 0x00000000a6800000, 0x00000000a6800000|100%| E|CS|TAMS 0x00000000a6700000, 0x00000000a6700000| Complete 
|  90|0x00000000a6800000, 0x00000000a6900000, 0x00000000a6900000|100%| E|CS|TAMS 0x00000000a6800000, 0x00000000a6800000| Complete 
|  91|0x00000000a6900000, 0x00000000a6a00000, 0x00000000a6a00000|100%| E|CS|TAMS 0x00000000a6900000, 0x00000000a6900000| Complete 
|  92|0x00000000a6a00000, 0x00000000a6b00000, 0x00000000a6b00000|100%| E|CS|TAMS 0x00000000a6a00000, 0x00000000a6a00000| Complete 
|  93|0x00000000a6b00000, 0x00000000a6c00000, 0x00000000a6c00000|100%| E|CS|TAMS 0x00000000a6b00000, 0x00000000a6b00000| Complete 
|  94|0x00000000a6c00000, 0x00000000a6d00000, 0x00000000a6d00000|100%| E|CS|TAMS 0x00000000a6c00000, 0x00000000a6c00000| Complete 
|  95|0x00000000a6d00000, 0x00000000a6e00000, 0x00000000a6e00000|100%| E|CS|TAMS 0x00000000a6d00000, 0x00000000a6d00000| Complete 

Card table byte_map: [0x000001cb18870000,0x000001cb18b70000] _byte_map_base: 0x000001cb18369000

Marking Bits (Prev, Next): (CMBitMap*) 0x000001cb7f94d070, (CMBitMap*) 0x000001cb7f94d0b0
 Prev Bits: [0x000001cb18e70000, 0x000001cb1a638000)
 Next Bits: [0x000001cb1a640000, 0x000001cb1be08000)

Polling page: 0x000001cb7eca0000

Metaspace:

Usage:
  Non-class:      8.51 MB capacity,     8.38 MB ( 99%) used,   113.91 KB (  1%) free+waste,    12.44 KB ( <1%) overhead. 
      Class:    962.00 KB capacity,   902.59 KB ( 94%) used,    54.54 KB (  6%) free+waste,     4.88 KB ( <1%) overhead. 
       Both:      9.45 MB capacity,     9.26 MB ( 98%) used,   168.45 KB (  2%) free+waste,    17.31 KB ( <1%) overhead. 

Virtual space:
  Non-class space:       10.00 MB reserved,       8.75 MB ( 88%) committed 
      Class space:        1.00 GB reserved,       1.00 MB ( <1%) committed 
             Both:        1.01 GB reserved,       9.75 MB ( <1%) committed 

Chunk freelists:
   Non-Class:  58.00 KB
       Class:  30.00 KB
        Both:  88.00 KB

MaxMetaspaceSize: 17179869184.00 GB
CompressedClassSpaceSize: 1.00 GB

CodeHeap 'non-profiled nmethods': size=120000Kb used=1515Kb max_used=1515Kb free=118484Kb
 bounds [0x000001cb11040000, 0x000001cb112b0000, 0x000001cb18570000]
CodeHeap 'profiled nmethods': size=120000Kb used=4261Kb max_used=4261Kb free=115738Kb
 bounds [0x000001cb09b10000, 0x000001cb09f40000, 0x000001cb11040000]
CodeHeap 'non-nmethods': size=5760Kb used=1310Kb max_used=1342Kb free=4449Kb
 bounds [0x000001cb09570000, 0x000001cb097e0000, 0x000001cb09b10000]
 total_blobs=2590 nmethods=1980 adapters=523
 compilation: enabled
              stopped_count=0, restarted_count=0
 full_count=0

Compilation events (20 events):
Event: 165.274 Thread 0x000001cb1e606ce0 nmethod 1972 0x000001cb09f36990 code [0x000001cb09f36c40, 0x000001cb09f378a8]
Event: 165.375 Thread 0x000001cb1e601e20 nmethod 1971 0x000001cb111a2510 code [0x000001cb111a2760, 0x000001cb111a4390]
Event: 165.505 Thread 0x000001cb1e601e20 1973 %     4       Sketch::draw @ 515 (1857 bytes)
Event: 165.657 Thread 0x000001cb1e601e20 nmethod 1973% 0x000001cb111a5990 code [0x000001cb111a5ec0, 0x000001cb111a9638]
Event: 165.754 Thread 0x000001cb1e601e20 1974 %     4       Sketch::draw @ 1256 (1857 bytes)
Event: 165.760 Thread 0x000001cb1e606ce0 1975       3       java.awt.DefaultKeyboardFocusManager::postProcessKeyEvent (42 bytes)
Event: 165.761 Thread 0x000001cb1e606ce0 nmethod 1975 0x000001cb09f37d90 code [0x000001cb09f37f80, 0x000001cb09f388d8]
Event: 165.855 Thread 0x000001cb1e601e20 nmethod 1974% 0x000001cb111abc90 code [0x000001cb111ac0a0, 0x000001cb111ae5c8]
Event: 165.887 Thread 0x000001cb1e601e20 1976       4       Sketch::draw (1857 bytes)
Event: 166.095 Thread 0x000001cb1e601e20 nmethod 1976 0x000001cb111b0010 code [0x000001cb111b0660, 0x000001cb111b51d0]
Event: 167.556 Thread 0x000001cb1e606ce0 1977       3       java.util.ArrayList::isEmpty (13 bytes)
Event: 167.557 Thread 0x000001cb1e606ce0 nmethod 1977 0x000001cb09f38a90 code [0x000001cb09f38c20, 0x000001cb09f38d78]
Event: 170.261 Thread 0x000001cb1e601e20 1978       4       java.util.HashMap::afterNodeRemoval (1 bytes)
Event: 170.261 Thread 0x000001cb1e601e20 nmethod 1978 0x000001cb111b8510 code [0x000001cb111b8680, 0x000001cb111b86d8]
Event: 176.596 Thread 0x000001cb1e606ce0 1979       1       sun.util.locale.StringTokenIterator::current (5 bytes)
Event: 176.596 Thread 0x000001cb1e606ce0 nmethod 1979 0x000001cb111b8810 code [0x000001cb111b89a0, 0x000001cb111b8a58]
Event: 244.612 Thread 0x000001cb1e601e20 1980       4       Sketch::menuScreen (549 bytes)
Event: 244.642 Thread 0x000001cb1e601e20 nmethod 1980 0x000001cb111b8b10 code [0x000001cb111b8f00, 0x000001cb111b9e50]
Event: 310.564 Thread 0x000001cb1e606ce0 1981       3       java.util.IdentityHashMap$IdentityHashMapIterator::nextIndex (72 bytes)
Event: 310.565 Thread 0x000001cb1e606ce0 nmethod 1981 0x000001cb09f38e10 code [0x000001cb09f38fe0, 0x000001cb09f39368]

GC Heap History (4 events):
Event: 1.558 GC heap before
{Heap before GC invocations=0 (full 0):
 garbage-first heap   total 98304K, used 63488K [0x00000000a0e00000, 0x0000000100000000)
  region size 1024K, 23 young (23552K), 0 survivors (0K)
 Metaspace       used 7601K, capacity 7779K, committed 8064K, reserved 1056768K
  class space    used 795K, capacity 865K, committed 896K, reserved 1048576K
}
Event: 1.738 GC heap after
{Heap after GC invocations=1 (full 0):
 garbage-first heap   total 98304K, used 30935K [0x00000000a0e00000, 0x0000000100000000)
  region size 1024K, 3 young (3072K), 3 survivors (3072K)
 Metaspace       used 7601K, capacity 7779K, committed 8064K, reserved 1056768K
  class space    used 795K, capacity 865K, committed 896K, reserved 1048576K
}
Event: 44.209 GC heap before
{Heap before GC invocations=2 (full 0):
 garbage-first heap   total 98304K, used 54487K [0x00000000a0e00000, 0x0000000100000000)
  region size 1024K, 15 young (15360K), 3 survivors (3072K)
 Metaspace       used 8531K, capacity 8679K, committed 8960K, reserved 1056768K
  class space    used 868K, capacity 930K, committed 1024K, reserved 1048576K
}
Event: 44.213 GC heap after
{Heap after GC invocations=3 (full 0):
 garbage-first heap   total 98304K, used 26705K [0x00000000a0e00000, 0x0000000100000000)
  region size 1024K, 4 young (4096K), 4 survivors (4096K)
 Metaspace       used 8531K, capacity 8679K, committed 8960K, reserved 1056768K
  class space    used 868K, capacity 930K, committed 1024K, reserved 1048576K
}

Deoptimization events (20 events):
Event: 164.855 Thread 0x000001cb1fc96b40 Uncommon trap: trap_request=0xffffff45 fr.pc=0x000001cb111962b0 relative=0x0000000000001990
Event: 164.855 Thread 0x000001cb1fc96b40 Uncommon trap: reason=unstable_if action=reinterpret pc=0x000001cb111962b0 method=Sketch.draw()V @ 1800 c2
Event: 164.855 Thread 0x000001cb1fc96b40 DEOPT PACKING pc=0x000001cb111962b0 sp=0x00000090d97fef50
Event: 164.855 Thread 0x000001cb1fc96b40 DEOPT UNPACKING pc=0x000001cb095be42f sp=0x00000090d97fef10 mode 2
Event: 164.988 Thread 0x000001cb1fc96b40 DEOPT PACKING pc=0x000001cb09f272f2 sp=0x00000090d97feda0
Event: 164.988 Thread 0x000001cb1fc96b40 DEOPT UNPACKING pc=0x000001cb095be23f sp=0x00000090d97fe400 mode 0
Event: 165.121 Thread 0x000001cb1fc96b40 DEOPT PACKING pc=0x000001cb09f26e5b sp=0x00000090d97feda0
Event: 165.121 Thread 0x000001cb1fc96b40 DEOPT UNPACKING pc=0x000001cb095be23f sp=0x00000090d97fe400 mode 0
Event: 165.238 Thread 0x000001cb1fc96b40 DEOPT PACKING pc=0x000001cb09f274f1 sp=0x00000090d97feda0
Event: 165.238 Thread 0x000001cb1fc96b40 DEOPT UNPACKING pc=0x000001cb095be23f sp=0x00000090d97fe400 mode 0
Event: 165.370 Thread 0x000001cb1fc96b40 DEOPT PACKING pc=0x000001cb09f272f2 sp=0x00000090d97feda0
Event: 165.370 Thread 0x000001cb1fc96b40 DEOPT UNPACKING pc=0x000001cb095be23f sp=0x00000090d97fe400 mode 0
Event: 165.638 Thread 0x000001cb1fc96b40 DEOPT PACKING pc=0x000001cb09f26b7c sp=0x00000090d97feda0
Event: 165.638 Thread 0x000001cb1fc96b40 DEOPT UNPACKING pc=0x000001cb095be23f sp=0x00000090d97fe400 mode 0
Event: 165.754 Thread 0x000001cb1fc96b40 DEOPT PACKING pc=0x000001cb09f274f1 sp=0x00000090d97feda0
Event: 165.754 Thread 0x000001cb1fc96b40 DEOPT UNPACKING pc=0x000001cb095be23f sp=0x00000090d97fe400 mode 0
Event: 165.887 Thread 0x000001cb1fc96b40 DEOPT PACKING pc=0x000001cb09f26e5b sp=0x00000090d97feda0
Event: 165.887 Thread 0x000001cb1fc96b40 DEOPT UNPACKING pc=0x000001cb095be23f sp=0x00000090d97fe400 mode 0
Event: 166.022 Thread 0x000001cb1fc96b40 DEOPT PACKING pc=0x000001cb09f26dc2 sp=0x00000090d97feda0
Event: 166.022 Thread 0x000001cb1fc96b40 DEOPT UNPACKING pc=0x000001cb095be23f sp=0x00000090d97fe400 mode 0

Classes unloaded (0 events):
No events

Classes redefined (0 events):
No events

Internal exceptions (19 events):
Event: 0.231 Thread 0x000001cb7f91a370 Exception <a 'java/lang/ClassNotFoundException'{0x00000000a6ce3148}: sun/awt/resources/spi/awtProvider> (0x00000000a6ce3148) 
thrown [./open/src/hotspot/share/classfile/systemDictionary.cpp, line 295]
Event: 0.300 Thread 0x000001cb7f91a370 Exception <a 'java/io/FileNotFoundException'{0x00000000a6b41560}> (0x00000000a6b41560) 
thrown [./open/src/hotspot/share/prims/jni.cpp, line 578]
Event: 0.323 Thread 0x000001cb7f91a370 Exception <a 'java/io/FileNotFoundException'{0x00000000a6b6fdf0}> (0x00000000a6b6fdf0) 
thrown [./open/src/hotspot/share/prims/jni.cpp, line 578]
Event: 0.324 Thread 0x000001cb7f91a370 Exception <a 'java/lang/NoSuchMethodError'{0x00000000a6b710f8}: 'java.lang.Object java.lang.invoke.DirectMethodHandle$Holder.invokeStatic(java.lang.Object)'> (0x00000000a6b710f8) 
thrown [./open/src/hotspot/share/interpreter/linkResolver.cpp, line 782]
Event: 0.336 Thread 0x000001cb7f91a370 Exception <a 'java/lang/NoSuchMethodError'{0x00000000a6b7f000}: 'void java.lang.invoke.DirectMethodHandle$Holder.invokeSpecial(java.lang.Object, java.lang.Object, java.lang.Object)'> (0x00000000a6b7f000) 
thrown [./open/src/hotspot/share/interpreter/linkResolver.cpp, line 782]
Event: 0.396 Thread 0x000001cb7f91a370 Exception <a 'java/lang/NoSuchMethodError'{0x00000000a6bbe6d8}: 'java.lang.Object java.lang.invoke.DirectMethodHandle$Holder.invokeStaticInit(java.lang.Object)'> (0x00000000a6bbe6d8) 
thrown [./open/src/hotspot/share/interpreter/linkResolver.cpp, line 782]
Event: 0.814 Thread 0x000001cb7f91a370 Exception <a 'java/lang/NoSuchMethodError'{0x00000000a6961ba0}: 'java.lang.Object java.lang.invoke.DirectMethodHandle$Holder.newInvokeSpecial(java.lang.Object, java.lang.Object, java.lang.Object, java.lang.Object, java.lang.Object)'> (0x00000000a6961ba0) 
thrown [./open/src/hotspot/share/interpreter/linkResolver.cpp, line 782]
Event: 0.817 Thread 0x000001cb7f91a370 Exception <a 'java/lang/NoSuchMethodError'{0x00000000a696d630}: 'java.lang.Object java.lang.invoke.DirectMethodHandle$Holder.invokeStatic(java.lang.Object, int, java.lang.Object, java.lang.Object, java.lang.Object, java.lang.Object)'> (0x00000000a696d630) 
thrown [./open/src/hotspot/share/interpreter/linkResolver.cpp, line 782]
Event: 0.827 Thread 0x000001cb7f91a370 Exception <a 'java/lang/NoSuchMethodError'{0x00000000a6993a98}: 'java.lang.Object java.lang.invoke.DirectMethodHandle$Holder.invokeStatic(java.lang.Object, int, java.lang.Object)'> (0x00000000a6993a98) 
thrown [./open/src/hotspot/share/interpreter/linkResolver.cpp, line 782]
Event: 0.869 Thread 0x000001cb7f91a370 Exception <a 'java/lang/ClassNotFoundException'{0x00000000a684c470}: com/sun/swing/internal/plaf/metal/resources/spi/metalProvider> (0x00000000a684c470) 
thrown [./open/src/hotspot/share/classfile/systemDictionary.cpp, line 295]
Event: 0.871 Thread 0x000001cb7f91a370 Exception <a 'java/lang/ClassNotFoundException'{0x00000000a6850710}: com/sun/swing/internal/plaf/basic/resources/spi/basicProvider> (0x00000000a6850710) 
thrown [./open/src/hotspot/share/classfile/systemDictionary.cpp, line 295]
Event: 0.936 Thread 0x000001cb7f91a370 Exception <a 'java/lang/NoSuchMethodError'{0x00000000a68adb98}: 'void java.lang.invoke.DirectMethodHandle$Holder.invokeStaticInit(java.lang.Object)'> (0x00000000a68adb98) 
thrown [./open/src/hotspot/share/interpreter/linkResolver.cpp, line 782]
Event: 1.119 Thread 0x000001cb1fc5ebe0 Exception <a 'java/lang/NoSuchMethodError'{0x00000000a67a2278}: 'java.lang.Object java.lang.invoke.DirectMethodHandle$Holder.newInvokeSpecial(java.lang.Object, java.lang.Object, java.lang.Object, int, int, int, int, int)'> (0x00000000a67a2278) 
thrown [./open/src/hotspot/share/interpreter/linkResolver.cpp, line 782]
Event: 44.203 Thread 0x000001cb1fc36be0 Exception <a 'java/lang/NoSuchMethodError'{0x00000000a64ee940}: 'void java.lang.invoke.DirectMethodHandle$Holder.invokeVirtual(java.lang.Object, java.lang.Object)'> (0x00000000a64ee940) 
thrown [./open/src/hotspot/share/interpreter/linkResolver.cpp, line 782]
Event: 44.215 Thread 0x000001cb1fc96b40 Implicit null exception at 0x000001cb110aafb0 to 0x000001cb110ab174
Event: 44.218 Thread 0x000001cb1fc96b40 Implicit null exception at 0x000001cb110aa43c to 0x000001cb110aa592
Event: 44.235 Thread 0x000001cb1fc96b40 Implicit null exception at 0x000001cb110abd20 to 0x000001cb110ac4c6
Event: 115.722 Thread 0x000001cb1fc96b40 Implicit null exception at 0x000001cb110b18c0 to 0x000001cb110b1df0
Event: 115.722 Thread 0x000001cb1fc96b40 Implicit null exception at 0x000001cb110bef91 to 0x000001cb110c0b4c

Events (20 events):
Event: 158.222 Executing VM operation: HandshakeAllThreads
Event: 158.222 Executing VM operation: HandshakeAllThreads done
Event: 160.223 Executing VM operation: HandshakeAllThreads
Event: 160.223 Executing VM operation: HandshakeAllThreads done
Event: 162.224 Executing VM operation: HandshakeAllThreads
Event: 162.224 Executing VM operation: HandshakeAllThreads done
Event: 168.228 Executing VM operation: HandshakeAllThreads
Event: 168.228 Executing VM operation: HandshakeAllThreads done
Event: 171.255 Executing VM operation: HandshakeAllThreads
Event: 171.256 Executing VM operation: HandshakeAllThreads done
Event: 309.678 Executing VM operation: HandshakeAllThreads
Event: 309.678 Executing VM operation: HandshakeAllThreads done
Event: 310.556 loading class java/awt/KeyboardFocusManager$2
Event: 310.557 loading class java/awt/KeyboardFocusManager$2 done
Event: 310.557 loading class sun/awt/SunToolkit$1
Event: 310.557 loading class sun/awt/SunToolkit$1 done
Event: 310.565 Thread 0x000001cb1fc95800 Thread added: 0x000001cb1fc95800
Event: 310.565 Thread 0x000001cb1fc98350 Thread added: 0x000001cb1fc98350
Event: 310.566 Thread 0x000001cb1fc98350 Thread exited: 0x000001cb1fc98350
Event: 310.566 Thread 0x000001cb1fc8cce0 Thread exited: 0x000001cb1fc8cce0


Dynamic libraries:
0x00007ff640d00000 - 0x00007ff640d0f000 	C:\Program Files\Java\jdk-15.0.1\bin\java.exe
0x00007ff983240000 - 0x00007ff983449000 	C:\WINDOWS\SYSTEM32\ntdll.dll
0x00007ff982220000 - 0x00007ff9822dd000 	C:\WINDOWS\System32\KERNEL32.DLL
0x00007ff980c40000 - 0x00007ff980fb9000 	C:\WINDOWS\System32\KERNELBASE.dll
0x00007ff9808d0000 - 0x00007ff9809e1000 	C:\WINDOWS\System32\ucrtbase.dll
0x00007ff970830000 - 0x00007ff970849000 	C:\Program Files\Java\jdk-15.0.1\bin\VCRUNTIME140.dll
0x00007ff970850000 - 0x00007ff970868000 	C:\Program Files\Java\jdk-15.0.1\bin\jli.dll
0x00007ff982010000 - 0x00007ff9820be000 	C:\WINDOWS\System32\ADVAPI32.dll
0x00007ff9820c0000 - 0x00007ff982163000 	C:\WINDOWS\System32\msvcrt.dll
0x00007ff982e00000 - 0x00007ff982e9e000 	C:\WINDOWS\System32\sechost.dll
0x00007ff982760000 - 0x00007ff982880000 	C:\WINDOWS\System32\RPCRT4.dll
0x00007ff983050000 - 0x00007ff9831fc000 	C:\WINDOWS\System32\USER32.dll
0x00007ff967590000 - 0x00007ff967835000 	C:\WINDOWS\WinSxS\amd64_microsoft.windows.common-controls_6595b64144ccf1df_6.0.22000.120_none_9d947278b86cc467\COMCTL32.dll
0x00007ff9808a0000 - 0x00007ff9808c6000 	C:\WINDOWS\System32\win32u.dll
0x00007ff981ac0000 - 0x00007ff981ae9000 	C:\WINDOWS\System32\GDI32.dll
0x00007ff980fc0000 - 0x00007ff9810d2000 	C:\WINDOWS\System32\gdi32full.dll
0x00007ff980ba0000 - 0x00007ff980c3d000 	C:\WINDOWS\System32\msvcp_win.dll
0x00007ff97abb0000 - 0x00007ff97abba000 	C:\WINDOWS\SYSTEM32\VERSION.dll
0x00007ff982c00000 - 0x00007ff982c31000 	C:\WINDOWS\System32\IMM32.DLL
0x00007ff970820000 - 0x00007ff97082c000 	C:\Program Files\Java\jdk-15.0.1\bin\vcruntime140_1.dll
0x00007ff9532f0000 - 0x00007ff953381000 	C:\Program Files\Java\jdk-15.0.1\bin\msvcp140.dll
0x00007ff941f20000 - 0x00007ff942a7e000 	C:\Program Files\Java\jdk-15.0.1\bin\server\jvm.dll
0x00007ff983040000 - 0x00007ff983048000 	C:\WINDOWS\System32\PSAPI.DLL
0x00007ff963850000 - 0x00007ff963859000 	C:\WINDOWS\SYSTEM32\WSOCK32.dll
0x00007ff978fe0000 - 0x00007ff979013000 	C:\WINDOWS\SYSTEM32\WINMM.dll
0x00007ff982c50000 - 0x00007ff982cbf000 	C:\WINDOWS\System32\WS2_32.dll
0x00007ff97f8a0000 - 0x00007ff97f8b8000 	C:\WINDOWS\SYSTEM32\kernel.appcore.dll
0x00007ff96f560000 - 0x00007ff96f56a000 	C:\Program Files\Java\jdk-15.0.1\bin\jimage.dll
0x00007ff97e340000 - 0x00007ff97e561000 	C:\WINDOWS\SYSTEM32\DBGHELP.DLL
0x00007ff96b980000 - 0x00007ff96b9b1000 	C:\WINDOWS\SYSTEM32\dbgcore.DLL
0x00007ff9809f0000 - 0x00007ff980a6f000 	C:\WINDOWS\System32\bcryptPrimitives.dll
0x00007ff965600000 - 0x00007ff965625000 	C:\Program Files\Java\jdk-15.0.1\bin\java.dll
0x00007ff981310000 - 0x00007ff981abf000 	C:\WINDOWS\System32\SHELL32.dll
0x00007ff97e8a0000 - 0x00007ff97f108000 	C:\WINDOWS\SYSTEM32\windows.storage.dll
0x00007ff982880000 - 0x00007ff982bf8000 	C:\WINDOWS\System32\combase.dll
0x00007ff97e730000 - 0x00007ff97e896000 	C:\WINDOWS\SYSTEM32\wintypes.dll
0x00007ff981220000 - 0x00007ff98130a000 	C:\WINDOWS\System32\SHCORE.dll
0x00007ff9823d0000 - 0x00007ff98242d000 	C:\WINDOWS\System32\shlwapi.dll
0x00007ff980660000 - 0x00007ff980681000 	C:\WINDOWS\SYSTEM32\profapi.dll
0x00007ff965ae0000 - 0x00007ff965af9000 	C:\Program Files\Java\jdk-15.0.1\bin\net.dll
0x00007ff97b130000 - 0x00007ff97b23c000 	C:\WINDOWS\SYSTEM32\WINHTTP.dll
0x00007ff97fd50000 - 0x00007ff97fdb7000 	C:\WINDOWS\system32\mswsock.dll
0x00007ff965590000 - 0x00007ff9655a2000 	C:\Program Files\Java\jdk-15.0.1\bin\nio.dll
0x00007ff963710000 - 0x00007ff963728000 	C:\Program Files\Java\jdk-15.0.1\bin\zip.dll
0x00007ff947e20000 - 0x00007ff947fa0000 	C:\Program Files\Java\jdk-15.0.1\bin\awt.dll
0x00007ff9810e0000 - 0x00007ff9811b6000 	C:\WINDOWS\System32\OLEAUT32.dll
0x00007ff97d960000 - 0x00007ff97d9f1000 	C:\WINDOWS\SYSTEM32\apphelp.dll
0x00007ff97dad0000 - 0x00007ff97db7c000 	C:\WINDOWS\system32\uxtheme.dll
0x00007ff982cc0000 - 0x00007ff982dde000 	C:\WINDOWS\System32\MSCTF.dll
0x00007ff982ea0000 - 0x00007ff98303a000 	C:\WINDOWS\System32\ole32.dll
0x00007ff97ddc0000 - 0x00007ff97ddef000 	C:\WINDOWS\SYSTEM32\dwmapi.dll
0x00007ff9474b0000 - 0x00007ff9475b1000 	C:\WINDOWS\system32\opengl32.dll
0x00007ff959810000 - 0x00007ff95983d000 	C:\WINDOWS\SYSTEM32\GLU32.dll
0x00007ff97dbe0000 - 0x00007ff97dc18000 	C:\WINDOWS\SYSTEM32\dxcore.dll
0x00007ff980110000 - 0x00007ff980137000 	C:\WINDOWS\SYSTEM32\bcrypt.dll
0x00007ff9598c0000 - 0x00007ff959945000 	C:\Program Files\Java\jdk-15.0.1\bin\freetype.dll
0x00007ff953240000 - 0x00007ff9532e9000 	C:\Program Files\Java\jdk-15.0.1\bin\fontmanager.dll
0x00007ff95c610000 - 0x00007ff95c73d000 	C:\WINDOWS\SYSTEM32\textinputframework.dll
0x00007ff97d670000 - 0x00007ff97d7a2000 	C:\WINDOWS\SYSTEM32\CoreMessaging.dll
0x00007ff97a0c0000 - 0x00007ff97a42d000 	C:\WINDOWS\SYSTEM32\CoreUIComponents.dll
0x00007ff97ff90000 - 0x00007ff97ff9c000 	C:\WINDOWS\SYSTEM32\CRYPTBASE.DLL
0x00007ff9636e0000 - 0x00007ff96370d000 	C:\Program Files\Java\jdk-15.0.1\bin\javajpeg.dll
0x00007ff945300000 - 0x00007ff9454a6000 	C:\WINDOWS\system32\d3d9.dll
0x00007ff977c10000 - 0x00007ff977de8000 	C:\Windows\System32\DriverStore\FileRepository\u0359587.inf_amd64_6a4d28d8addd31af\B359537\aticfx64.dll
0x00007ff93f030000 - 0x00007ff93f061000 	C:\Windows\System32\DriverStore\FileRepository\u0359587.inf_amd64_6a4d28d8addd31af\B359537\atiu9p64.dll
0x00007ff932040000 - 0x00007ff932caa000 	C:\Windows\System32\DriverStore\FileRepository\u0359587.inf_amd64_6a4d28d8addd31af\B359537\atiumd64.dll
0x0000000059020000 - 0x0000000059dc5000 	C:\WINDOWS\System32\DriverStore\FileRepository\u0359587.inf_amd64_6a4d28d8addd31af\B359537\atiumd6a.dll
0x00007ff97faf0000 - 0x00007ff97fb3d000 	C:\WINDOWS\SYSTEM32\POWRPROF.dll
0x00007ff97f9d0000 - 0x00007ff97f9e3000 	C:\WINDOWS\SYSTEM32\UMPDC.dll
0x00007ff975b50000 - 0x00007ff975b7e000 	C:\WINDOWS\SYSTEM32\amdihk64.dll
0x00007ff97af80000 - 0x00007ff97afc4000 	C:\WINDOWS\SYSTEM32\directxdatabasehelper.dll
0x00007ff97dd60000 - 0x00007ff97dd94000 	C:\WINDOWS\SYSTEM32\ntmarta.dll

dbghelp: loaded successfully - version: 4.0.5 - missing functions: none
symbol engine: initialized successfully - sym options: 0x614 - pdb path: .;C:\Program Files\Java\jdk-15.0.1\bin;C:\WINDOWS\SYSTEM32;C:\WINDOWS\WinSxS\amd64_microsoft.windows.common-controls_6595b64144ccf1df_6.0.22000.120_none_9d947278b86cc467;C:\Program Files\Java\jdk-15.0.1\bin\server;C:\Users\dever\AppData\Local\Screencast-O-Matic-v2;C:\Windows\System32\DriverStore\FileRepository\u0359587.inf_amd64_6a4d28d8addd31af\B359537

VM Arguments:
jvm_args: -XX:+ShowCodeDetailsInExceptionMessages 
java_command: Main
java_class_path (initial): C:\Users\dever\AppData\Roaming\Code\User\workspaceStorage\5121e69b20edca897e7e17decd0d70b8\redhat.java\jdt_ws\processing-cpt-diego-solo_c3530ef1\bin;c:\Users\dever\github-classroom\SACHSTech\processing-cpt-diego-solo\lib\repl_core.jar
Launcher Type: SUN_STANDARD

[Global flags]
     intx CICompilerCount                          = 4                                         {product} {ergonomic}
     uint ConcGCThreads                            = 2                                         {product} {ergonomic}
     uint G1ConcRefinementThreads                  = 8                                         {product} {ergonomic}
   size_t G1HeapRegionSize                         = 1048576                                   {product} {ergonomic}
    uintx GCDrainStackTargetSize                   = 64                                        {product} {ergonomic}
   size_t InitialHeapSize                          = 100663296                                 {product} {ergonomic}
   size_t MarkStackSize                            = 4194304                                   {product} {ergonomic}
   size_t MaxHeapSize                              = 1595932672                                {product} {ergonomic}
   size_t MaxNewSize                               = 957349888                                 {product} {ergonomic}
   size_t MinHeapDeltaBytes                        = 1048576                                   {product} {ergonomic}
   size_t MinHeapSize                              = 8388608                                   {product} {ergonomic}
    uintx NonNMethodCodeHeapSize                   = 5839372                                {pd product} {ergonomic}
    uintx NonProfiledCodeHeapSize                  = 122909434                              {pd product} {ergonomic}
    uintx ProfiledCodeHeapSize                     = 122909434                              {pd product} {ergonomic}
    uintx ReservedCodeCacheSize                    = 251658240                              {pd product} {ergonomic}
     bool SegmentedCodeCache                       = true                                      {product} {ergonomic}
     bool ShowCodeDetailsInExceptionMessages       = true                                   {manageable} {command line}
   size_t SoftMaxHeapSize                          = 1595932672                             {manageable} {ergonomic}
     bool UseCompressedClassPointers               = true                                 {lp64_product} {ergonomic}
     bool UseCompressedOops                        = true                                 {lp64_product} {ergonomic}
     bool UseG1GC                                  = true                                      {product} {ergonomic}
     bool UseLargePagesIndividualAllocation        = false                                  {pd product} {ergonomic}

Logging:
Log output configuration:
 #0: stdout all=warning uptime,level,tags
 #1: stderr all=off uptime,level,tags

Environment Variables:
PATH=C:\Program Files\Common Files\Oracle\Java\javapath;C:\Program Files (x86)\Common Files\Intel\Shared Libraries\redist\intel64\compiler;C:\Program Files (x86)\Razer Chroma SDK\bin;C:\Program Files\Razer Chroma SDK\bin;C:\Program Files (x86)\Razer\ChromaBroadcast\bin;C:\Program Files\Razer\ChromaBroadcast\bin;C:\Program Files (x86)\Common Files\Oracle\Java\javapath;C:\Windows\system32;C:\Windows;C:\Windows\System32\Wbem;C:\Windows\System32\WindowsPowerShell\v1.0\;C:\Windows\System32\OpenSSH\;C:\Users\dever\AppData\Local\Microsoft\WindowsApps;C:\Windows\system32\config\systemprofile\AppData\Local\Microsoft\WindowsApps;C:\WINDOWS\system32;C:\WINDOWS;C:\WINDOWS\System32\Wbem;C:\WINDOWS\System32\WindowsPowerShell\v1.0\;C:\WINDOWS\System32\OpenSSH\;C:\Program Files\Git\cmd;C:\Users\dever\AppData\Local\Microsoft\WindowsApps;;C:\Users\dever\AppData\Local\Programs\Microsoft VS Code\bin
USERNAME=dever
LANG=en_US.UTF-8
OS=Windows_NT
PROCESSOR_IDENTIFIER=AMD64 Family 23 Model 24 Stepping 1, AuthenticAMD



---------------  S Y S T E M  ---------------

OS:
 Windows 10 , 64 bit Build 22000 (10.0.22000.675)
OS uptime: 5 days 6:14 hours

CPU: total 8 (initial active 8) (8 cores per cpu, 2 threads per core) family 23 model 24 stepping 1 microcode 0x0, cmov, cx8, fxsr, mmx, sse, sse2, sse3, ssse3, sse4.1, sse4.2, popcnt, vzeroupper, avx, avx2, aes, clmul, 3dnowpref, lzcnt, sse4a, ht, tsc, tscinvbit, tscinv, bmi1, bmi2, adx, sha, fma, clflush, clflushopt

Memory: 4k page, system-wide physical 6082M (1101M free)
TotalPageFile size 10858M (AvailPageFile size 2609M)
current process WorkingSet (physical memory assigned to process): 171M, peak: 199M
current process commit charge ("private bytes"): 268M, peak: 296M

vm_info: Java HotSpot(TM) 64-Bit Server VM (15.0.1+9-18) for windows-amd64 JRE (15.0.1+9-18), built on Sep 15 2020 14:43:54 by "mach5one" with unknown MS VC++:1925

END.
